# JRE version: Java(TM) SE Runtime Environment (8.0_121-b13) (build 1.8.0_121-b13)
# Java VM: Java HotSpot(TM) Client VM (25.121-b13 mixed mode windows-x86 )
Heap:
 def new generation   total 137856K, used 48848K [0x05000000, 0x0e590000, 0x0faa0000)
  eden space 122560K,  39% used [0x05000000, 0x07fa1380, 0x0c7b0000)
  from space 15296K,   0% used [0x0d6a0000, 0x0d6b2da0, 0x0e590000)
  to   space 15296K,   0% used [0x0c7b0000, 0x0c7b0000, 0x0d6a0000)
 tenured generation   total 306212K, used 269650K [0x0faa0000, 0x225a9000, 0x25000000)
   the space 306212K,  88% used [0x0faa0000, 0x201f4ba0, 0x201f4c00, 0x225a9000)
 Metaspace       used 19233K, capacity 19698K, committed 19840K, reserved 19840K
GC Heap History (10 events):
Event: 416371.381 GC heap before
{Heap before GC invocations=1531 (full 14):
 def new generation   total 137856K, used 122713K [0x05000000, 0x0e590000, 0x0faa0000)
  eden space 122560K, 100% used [0x05000000, 0x0c7b0000, 0x0c7b0000)
  from space 15296K,   1% used [0x0c7b0000, 0x0c7d6608, 0x0d6a0000)
  to   space 15296K,   0% used [0x0d6a0000, 0x0d6a0000, 0x0e590000)
 tenured generation   total 306212K, used 269519K [0x0faa0000, 0x225a9000, 0x25000000)
   the space 306212K,  88% used [0x0faa0000, 0x201d3f70, 0x201d4000, 0x225a9000)
 Metaspace       used 19230K, capacity 19666K, committed 19840K, reserved 19840K
Event: 416371.383 GC heap after
Heap after GC invocations=1532 (full 14):
 def new generation   total 137856K, used 145K [0x05000000, 0x0e590000, 0x0faa0000)
  eden space 122560K,   0% used [0x05000000, 0x05000000, 0x0c7b0000)
  from space 15296K,   0% used [0x0d6a0000, 0x0d6c4748, 0x0e590000)
  to   space 15296K,   0% used [0x0c7b0000, 0x0c7b0000, 0x0d6a0000)
 tenured generation   total 306212K, used 269528K [0x0faa0000, 0x225a9000, 0x25000000)
   the space 306212K,  88% used [0x0faa0000, 0x201d62f8, 0x201d6400, 0x225a9000)
 Metaspace       used 19230K, capacity 19666K, committed 19840K, reserved 19840K
}
Event: 416748.170 GC heap before
{Heap before GC invocations=1532 (full 14):
 def new generation   total 137856K, used 122705K [0x05000000, 0x0e590000, 0x0faa0000)
  eden space 122560K, 100% used [0x05000000, 0x0c7b0000, 0x0c7b0000)
  from space 15296K,   0% used [0x0d6a0000, 0x0d6c4748, 0x0e590000)
  to   space 15296K,   0% used [0x0c7b0000, 0x0c7b0000, 0x0d6a0000)
 tenured generation   total 306212K, used 269528K [0x0faa0000, 0x225a9000, 0x25000000)
   the space 306212K,  88% used [0x0faa0000, 0x201d62f8, 0x201d6400, 0x225a9000)
 Metaspace       used 19230K, capacity 19666K, committed 19840K, reserved 19840K
Event: 416748.172 GC heap after
Heap after GC invocations=1533 (full 14):
 def new generation   total 137856K, used 141K [0x05000000, 0x0e590000, 0x0faa0000)
  eden space 122560K,   0% used [0x05000000, 0x05000000, 0x0c7b0000)
  from space 15296K,   0% used [0x0c7b0000, 0x0c7d3648, 0x0d6a0000)
  to   space 15296K,   0% used [0x0d6a0000, 0x0d6a0000, 0x0e590000)
 tenured generation   total 306212K, used 269529K [0x0faa0000, 0x225a9000, 0x25000000)
   the space 306212K,  88% used [0x0faa0000, 0x201d6470, 0x201d6600, 0x225a9000)
 Metaspace       used 19230K, capacity 19666K, committed 19840K, reserved 19840K
}
Event: 417112.316 GC heap before
{Heap before GC invocations=1533 (full 14):
 def new generation   total 137856K, used 122701K [0x05000000, 0x0e590000, 0x0faa0000)
  eden space 122560K, 100% used [0x05000000, 0x0c7b0000, 0x0c7b0000)
  from space 15296K,   0% used [0x0c7b0000, 0x0c7d3648, 0x0d6a0000)
  to   space 15296K,   0% used [0x0d6a0000, 0x0d6a0000, 0x0e590000)
 tenured generation   total 306212K, used 269529K [0x0faa0000, 0x225a9000, 0x25000000)
   the space 306212K,  88% used [0x0faa0000, 0x201d6470, 0x201d6600, 0x225a9000)
 Metaspace       used 19233K, capacity 19698K, committed 19840K, reserved 19840K
Event: 417112.317 GC heap after
Heap after GC invocations=1534 (full 14):
 def new generation   total 137856K, used 180K [0x05000000, 0x0e590000, 0x0faa0000)
  eden space 122560K,   0% used [0x05000000, 0x05000000, 0x0c7b0000)
  from space 15296K,   1% used [0x0d6a0000, 0x0d6cd170, 0x0e590000)
  to   space 15296K,   0% used [0x0c7b0000, 0x0c7b0000, 0x0d6a0000)
 tenured generation   total 306212K, used 269540K [0x0faa0000, 0x225a9000, 0x25000000)
   the space 306212K,  88% used [0x0faa0000, 0x201d9300, 0x201d9400, 0x225a9000)
 Metaspace       used 19233K, capacity 19698K, committed 19840K, reserved 19840K
}
Event: 417482.902 GC heap before
{Heap before GC invocations=1534 (full 14):
 def new generation   total 137856K, used 122740K [0x05000000, 0x0e590000, 0x0faa0000)
  eden space 122560K, 100% used [0x05000000, 0x0c7b0000, 0x0c7b0000)
  from space 15296K,   1% used [0x0d6a0000, 0x0d6cd170, 0x0e590000)
  to   space 15296K,   0% used [0x0c7b0000, 0x0c7b0000, 0x0d6a0000)
 tenured generation   total 306212K, used 269540K [0x0faa0000, 0x225a9000, 0x25000000)
   the space 306212K,  88% used [0x0faa0000, 0x201d9300, 0x201d9400, 0x225a9000)
 Metaspace       used 19233K, capacity 19698K, committed 19840K, reserved 19840K
Event: 417482.903 GC heap after
Heap after GC invocations=1535 (full 14):
 def new generation   total 137856K, used 169K [0x05000000, 0x0e590000, 0x0faa0000)
  eden space 122560K,   0% used [0x05000000, 0x05000000, 0x0c7b0000)
  from space 15296K,   1% used [0x0c7b0000, 0x0c7da738, 0x0d6a0000)
  to   space 15296K,   0% used [0x0d6a0000, 0x0d6a0000, 0x0e590000)
 tenured generation   total 306212K, used 269545K [0x0faa0000, 0x225a9000, 0x25000000)
   the space 306212K,  88% used [0x0faa0000, 0x201da640, 0x201da800, 0x225a9000)
 Metaspace       used 19233K, capacity 19698K, committed 19840K, reserved 19840K
}
Event: 417849.706 GC heap before
{Heap before GC invocations=1535 (full 14):
 def new generation   total 137856K, used 122729K [0x05000000, 0x0e590000, 0x0faa0000)
  eden space 122560K, 100% used [0x05000000, 0x0c7b0000, 0x0c7b0000)
  from space 15296K,   1% used [0x0c7b0000, 0x0c7da738, 0x0d6a0000)
  to   space 15296K,   0% used [0x0d6a0000, 0x0d6a0000, 0x0e590000)
 tenured generation   total 306212K, used 269545K [0x0faa0000, 0x225a9000, 0x25000000)
   the space 306212K,  88% used [0x0faa0000, 0x201da640, 0x201da800, 0x225a9000)
 Metaspace       used 19233K, capacity 19698K, committed 19840K, reserved 19840K
Event: 417849.707 GC heap after
Heap after GC invocations=1536 (full 14):
 def new generation   total 137856K, used 75K [0x05000000, 0x0e590000, 0x0faa0000)
  eden space 122560K,   0% used [0x05000000, 0x05000000, 0x0c7b0000)
  from space 15296K,   0% used [0x0d6a0000, 0x0d6b2da0, 0x0e590000)
  to   space 15296K,   0% used [0x0c7b0000, 0x0c7b0000, 0x0d6a0000)
 tenured generation   total 306212K, used 269650K [0x0faa0000, 0x225a9000, 0x25000000)
   the space 306212K,  88% used [0x0faa0000, 0x201f4ba0, 0x201f4c00, 0x225a9000)
 Metaspace       used 19233K, capacity 19698K, committed 19840K, reserved 19840K
}

